2025-07-14 20:34:45,158 - INFO - 开始爬取胡润百富榜数据...
2025-07-14 20:34:45,158 - INFO - 获取榜单总人数...
2025-07-14 20:34:47,393 - WARNING - 获取总人数失败 (尝试 1/3): 'NoneType' object has no attribute 'get_text'
2025-07-14 20:34:54,581 - WARNING - 获取总人数失败 (尝试 2/3): 'NoneType' object has no attribute 'get_text'
2025-07-14 20:35:02,301 - WARNING - 获取总人数失败 (尝试 3/3): 'NoneType' object has no attribute 'get_text'
2025-07-14 20:35:07,301 - ERROR - 无法获取总人数，使用默认值1094
2025-07-14 20:35:13,056 - WARNING - 第 1 页未找到数据表格
2025-07-14 20:35:15,984 - WARNING - 第 1 页未找到数据表格
2025-07-14 20:35:30,779 - WARNING - 第 1 页未找到数据表格
2025-07-14 20:35:30,779 - ERROR - 第 1 页爬取失败，已超过最大重试次数
2025-07-14 20:35:37,738 - WARNING - 第 2 页未找到数据表格
2025-07-14 20:35:42,059 - WARNING - 第 2 页未找到数据表格
2025-07-14 20:35:46,506 - WARNING - 第 2 页未找到数据表格
2025-07-14 20:35:46,506 - ERROR - 第 2 页爬取失败，已超过最大重试次数
2025-07-14 20:35:50,993 - WARNING - 第 3 页未找到数据表格
2025-07-14 20:35:54,023 - WARNING - 第 3 页未找到数据表格
2025-07-14 20:35:57,167 - WARNING - 第 3 页未找到数据表格
2025-07-14 20:35:57,167 - ERROR - 第 3 页爬取失败，已超过最大重试次数
2025-07-14 20:36:01,958 - WARNING - 第 4 页未找到数据表格
2025-07-14 20:36:08,585 - WARNING - 第 4 页未找到数据表格
2025-07-14 20:36:11,746 - WARNING - 第 4 页未找到数据表格
2025-07-14 20:36:11,746 - ERROR - 第 4 页爬取失败，已超过最大重试次数
2025-07-14 20:36:15,653 - WARNING - 第 5 页未找到数据表格
2025-07-14 20:36:24,535 - WARNING - 第 5 页未找到数据表格
2025-07-14 20:36:31,029 - WARNING - 第 5 页未找到数据表格
2025-07-14 20:36:31,029 - ERROR - 第 5 页爬取失败，已超过最大重试次数
2025-07-14 20:36:36,886 - WARNING - 第 6 页未找到数据表格
2025-07-14 20:36:42,879 - WARNING - 第 6 页未找到数据表格
2025-07-14 20:36:48,548 - WARNING - 第 6 页未找到数据表格
2025-07-14 20:36:48,548 - ERROR - 第 6 页爬取失败，已超过最大重试次数
2025-07-14 20:36:53,097 - WARNING - 第 7 页未找到数据表格
2025-07-14 20:36:56,851 - WARNING - 第 7 页未找到数据表格
2025-07-14 20:37:09,983 - WARNING - 第 7 页未找到数据表格
2025-07-14 20:37:09,983 - ERROR - 第 7 页爬取失败，已超过最大重试次数
2025-07-14 20:37:25,420 - WARNING - 第 8 页未找到数据表格
2025-07-14 20:37:41,066 - WARNING - 第 8 页未找到数据表格
2025-07-14 20:38:05,500 - WARNING - 第 8 页未找到数据表格
2025-07-14 20:38:05,500 - ERROR - 第 8 页爬取失败，已超过最大重试次数
2025-07-14 20:38:20,630 - WARNING - 第 9 页未找到数据表格
2025-07-14 20:38:27,465 - WARNING - 第 9 页未找到数据表格
2025-07-14 20:38:32,680 - WARNING - 第 9 页未找到数据表格
2025-07-14 20:38:32,680 - ERROR - 第 9 页爬取失败，已超过最大重试次数
2025-07-14 20:38:36,616 - WARNING - 第 10 页未找到数据表格
2025-07-14 20:38:40,987 - WARNING - 第 10 页未找到数据表格
2025-07-14 20:38:49,306 - WARNING - 第 10 页未找到数据表格
2025-07-14 20:38:49,306 - ERROR - 第 10 页爬取失败，已超过最大重试次数
2025-07-14 20:38:56,572 - WARNING - 第 11 页未找到数据表格
2025-07-14 20:39:01,476 - WARNING - 第 11 页未找到数据表格
2025-07-14 20:39:07,047 - WARNING - 第 11 页未找到数据表格
2025-07-14 20:39:07,047 - ERROR - 第 11 页爬取失败，已超过最大重试次数
2025-07-14 20:39:07,047 - INFO - 爬取完成，共获取 0 条记录
2025-07-14 20:39:07,050 - ERROR - 警告: 未获取到任何数据，无法继续分析
2025-07-14 20:47:11,075 - INFO - 程序开始执行
2025-07-14 20:47:11,076 - INFO - 开始通过API获取胡润百富榜数据...
2025-07-14 20:47:11,380 - ERROR - API请求失败: 500 Server Error: Internal Server Error for url: https://www.hurun.net/zh-CN/Rank/HsRankDetailsList?num=YUBAO34E&search=&offset=0&limit=5000&status=&version=hs
2025-07-14 20:47:11,382 - ERROR - 错误: 未能获取数据，程序终止
